2020-11-30 13:14:26.600 [main] INFO  com.company.project.codeReview.test.logStarting - Starting test on DESKTOP-SV7UBO9 with PID 10552 (started by Wang in D:\Work\IDEAWork\supermallapi)
2020-11-30 13:14:26.724 [main] INFO  com.company.project.codeReview.test.logStartupProfileInfo - The following profiles are active: dev
2020-11-30 13:14:28.519 [main] INFO  o.s.d.r.c.RepositoryConfigurationDelegate.registerRepositoriesIn - Bootstrapping Spring Data Elasticsearch repositories in DEFAULT mode.
2020-11-30 13:14:28.589 [main] INFO  o.s.d.r.c.RepositoryConfigurationDelegate.registerRepositoriesIn - Finished Spring Data repository scanning in 60ms. Found 0 Elasticsearch repository interfaces.
2020-11-30 13:14:28.598 [main] INFO  o.s.d.r.c.RepositoryConfigurationDelegate.registerRepositoriesIn - Bootstrapping Spring Data Reactive Elasticsearch repositories in DEFAULT mode.
2020-11-30 13:14:28.617 [main] INFO  o.s.d.r.c.RepositoryConfigurationDelegate.registerRepositoriesIn - Finished Spring Data repository scanning in 17ms. Found 0 Reactive Elasticsearch repository interfaces.
2020-11-30 13:14:28.910 [main] INFO  o.s.c.a.ConfigurationClassPostProcessor.enhanceConfigurationClasses - Cannot enhance @Configuration bean definition 'mybatisConfigurer' since its singleton instance has been created too early. The typical cause is a non-static @Bean method with a BeanDefinitionRegistryPostProcessor return type: Consider declaring such methods as 'static'.
2020-11-30 13:14:29.561 [main] INFO  o.s.c.s.PostProcessorRegistrationDelegate$BeanPostProcessorChecker.postProcessAfterInitialization - Bean 'shiroConfig' of type [com.company.project.configurer.ShiroConfig$$EnhancerBySpringCGLIB$$4133fb75] is not eligible for getting processed by all BeanPostProcessors (for example: not eligible for auto-proxying)
2020-11-30 13:14:29.673 [main] INFO  o.s.c.s.PostProcessorRegistrationDelegate$BeanPostProcessorChecker.postProcessAfterInitialization - Bean 'druidDBConfig' of type [com.company.project.configurer.DruidDBConfig$$EnhancerBySpringCGLIB$$7be009e4] is not eligible for getting processed by all BeanPostProcessors (for example: not eligible for auto-proxying)
2020-11-30 13:14:29.777 [main] INFO  o.s.c.s.PostProcessorRegistrationDelegate$BeanPostProcessorChecker.postProcessAfterInitialization - Bean 'dataSource' of type [com.alibaba.druid.pool.DruidDataSource] is not eligible for getting processed by all BeanPostProcessors (for example: not eligible for auto-proxying)
2020-11-30 13:14:29.816 [main] INFO  o.s.c.s.PostProcessorRegistrationDelegate$BeanPostProcessorChecker.postProcessAfterInitialization - Bean 'spring.datasource-org.springframework.boot.autoconfigure.jdbc.DataSourceProperties' of type [org.springframework.boot.autoconfigure.jdbc.DataSourceProperties] is not eligible for getting processed by all BeanPostProcessors (for example: not eligible for auto-proxying)
2020-11-30 13:14:29.826 [main] INFO  o.s.c.s.PostProcessorRegistrationDelegate$BeanPostProcessorChecker.postProcessAfterInitialization - Bean 'org.springframework.boot.autoconfigure.jdbc.DataSourceInitializerInvoker' of type [org.springframework.boot.autoconfigure.jdbc.DataSourceInitializerInvoker] is not eligible for getting processed by all BeanPostProcessors (for example: not eligible for auto-proxying)
2020-11-30 13:14:30.287 [main] INFO  o.s.c.s.PostProcessorRegistrationDelegate$BeanPostProcessorChecker.postProcessAfterInitialization - Bean 'sqlSessionFactoryBean' of type [org.apache.ibatis.session.defaults.DefaultSqlSessionFactory] is not eligible for getting processed by all BeanPostProcessors (for example: not eligible for auto-proxying)
2020-11-30 13:14:30.383 [main] INFO  o.s.c.s.PostProcessorRegistrationDelegate$BeanPostProcessorChecker.postProcessAfterInitialization - Bean 'userMapper' of type [tk.mybatis.spring.mapper.MapperFactoryBean] is not eligible for getting processed by all BeanPostProcessors (for example: not eligible for auto-proxying)
2020-11-30 13:14:30.387 [main] INFO  o.s.c.s.PostProcessorRegistrationDelegate$BeanPostProcessorChecker.postProcessAfterInitialization - Bean 'userMapper' of type [com.sun.proxy.$Proxy95] is not eligible for getting processed by all BeanPostProcessors (for example: not eligible for auto-proxying)
2020-11-30 13:14:30.395 [main] INFO  o.s.c.s.PostProcessorRegistrationDelegate$BeanPostProcessorChecker.postProcessAfterInitialization - Bean 'userServiceImpl' of type [com.company.project.service.impl.UserServiceImpl] is not eligible for getting processed by all BeanPostProcessors (for example: not eligible for auto-proxying)
2020-11-30 13:14:30.422 [main] INFO  o.s.c.s.PostProcessorRegistrationDelegate$BeanPostProcessorChecker.postProcessAfterInitialization - Bean 'userRealm' of type [com.company.project.configurer.UserRealm] is not eligible for getting processed by all BeanPostProcessors (for example: not eligible for auto-proxying)
2020-11-30 13:14:31.151 [main] INFO  o.s.c.s.PostProcessorRegistrationDelegate$BeanPostProcessorChecker.postProcessAfterInitialization - Bean 'securityManager' of type [org.apache.shiro.web.mgt.DefaultWebSecurityManager] is not eligible for getting processed by all BeanPostProcessors (for example: not eligible for auto-proxying)
2020-11-30 13:14:32.111 [main] INFO  o.s.s.c.ThreadPoolTaskExecutor.initialize - Initializing ExecutorService
2020-11-30 13:14:32.126 [main] INFO  o.s.s.c.ThreadPoolTaskExecutor.initialize - Initializing ExecutorService 'taskExecutor'
2020-11-30 13:14:32.730 [main] INFO  s.d.s.w.PropertySourcedRequestMappingHandlerMapping.initHandlerMethods - Mapped URL path [/v2/api-docs] onto method [springfox.documentation.swagger2.web.Swagger2Controller#getDocumentation(String, HttpServletRequest)]
2020-11-30 13:14:33.559 [main] WARN  o.s.b.a.t.ThymeleafAutoConfiguration$DefaultTemplateResolverConfiguration.checkTemplateLocationExists - Cannot find template location: classpath:/templates/ (please add some templates or check your Thymeleaf configuration)
2020-11-30 13:14:33.997 [main] WARN  o.s.b.a.f.FreeMarkerAutoConfiguration.checkTemplateLocationExists - Cannot find template location(s): [classpath:/templates/] (please add some templates, check your FreeMarker configuration, or set spring.freemarker.checkTemplateLocation=false)
2020-11-30 13:14:34.207 [main] INFO  org.quartz.impl.StdSchedulerFactory.instantiate - Using default implementation for ThreadExecutor
2020-11-30 13:14:34.232 [main] INFO  o.quartz.core.SchedulerSignalerImpl.<init> - Initialized Scheduler Signaller of type: class org.quartz.core.SchedulerSignalerImpl
2020-11-30 13:14:34.232 [main] INFO  org.quartz.core.QuartzScheduler.<init> - Quartz Scheduler v.2.3.2 created.
2020-11-30 13:14:34.234 [main] INFO  org.quartz.simpl.RAMJobStore.initialize - RAMJobStore initialized.
2020-11-30 13:14:34.235 [main] INFO  org.quartz.core.QuartzScheduler.initialize - Scheduler meta-data: Quartz Scheduler (v2.3.2) 'quartzScheduler' with instanceId 'NON_CLUSTERED'
  Scheduler class: 'org.quartz.core.QuartzScheduler' - running locally.
  NOT STARTED.
  Currently in standby mode.
  Number of jobs executed: 0
  Using thread pool 'org.quartz.simpl.SimpleThreadPool' - with 10 threads.
  Using job-store 'org.quartz.simpl.RAMJobStore' - which does not support persistence. and is not clustered.

2020-11-30 13:14:34.236 [main] INFO  org.quartz.impl.StdSchedulerFactory.instantiate - Quartz scheduler 'quartzScheduler' initialized from an externally provided properties instance.
2020-11-30 13:14:34.236 [main] INFO  org.quartz.impl.StdSchedulerFactory.instantiate - Quartz scheduler version: 2.3.2
2020-11-30 13:14:34.236 [main] INFO  org.quartz.core.QuartzScheduler.setJobFactory - JobFactory set to: org.springframework.scheduling.quartz.SpringBeanJobFactory@857f1a7
2020-11-30 13:14:34.264 [main] INFO  o.s.s.c.ThreadPoolTaskScheduler.initialize - Initializing ExecutorService 'taskScheduler'
2020-11-30 13:14:34.347 [main] INFO  s.d.s.w.p.DocumentationPluginsBootstrapper.start - Context refreshed
2020-11-30 13:14:34.382 [main] INFO  s.d.s.w.p.DocumentationPluginsBootstrapper.start - Found 1 custom documentation plugin(s)
2020-11-30 13:14:34.459 [main] INFO  s.d.s.w.s.ApiListingReferenceScanner.scan - Scanning for api listing references
2020-11-30 13:14:34.704 [main] INFO  s.d.s.w.r.o.CachingOperationNameGenerator.startingWith - Generating unique operation named: addUsingPOST_1
2020-11-30 13:14:34.706 [main] INFO  s.d.s.w.r.o.CachingOperationNameGenerator.startingWith - Generating unique operation named: deleteUsingDELETE_1
2020-11-30 13:14:34.708 [main] INFO  s.d.s.w.r.o.CachingOperationNameGenerator.startingWith - Generating unique operation named: detailUsingGET_1
2020-11-30 13:14:34.710 [main] INFO  s.d.s.w.r.o.CachingOperationNameGenerator.startingWith - Generating unique operation named: listUsingGET_1
2020-11-30 13:14:34.712 [main] INFO  s.d.s.w.r.o.CachingOperationNameGenerator.startingWith - Generating unique operation named: updateUsingPUT_1
2020-11-30 13:14:34.726 [main] INFO  s.d.s.w.r.o.CachingOperationNameGenerator.startingWith - Generating unique operation named: addUsingPOST_2
2020-11-30 13:14:34.731 [main] INFO  s.d.s.w.r.o.CachingOperationNameGenerator.startingWith - Generating unique operation named: deleteUsingDELETE_2
2020-11-30 13:14:34.734 [main] INFO  s.d.s.w.r.o.CachingOperationNameGenerator.startingWith - Generating unique operation named: detailUsingGET_2
2020-11-30 13:14:34.739 [main] INFO  s.d.s.w.r.o.CachingOperationNameGenerator.startingWith - Generating unique operation named: listUsingGET_2
2020-11-30 13:14:34.766 [main] INFO  s.d.s.w.r.o.CachingOperationNameGenerator.startingWith - Generating unique operation named: updateUsingPUT_2
2020-11-30 13:14:34.982 [main] INFO  o.s.s.quartz.SchedulerFactoryBean.startScheduler - Starting Quartz Scheduler now
2020-11-30 13:14:34.982 [main] INFO  org.quartz.core.QuartzScheduler.start - Scheduler quartzScheduler_$_NON_CLUSTERED started.
2020-11-30 13:14:35.003 [main] INFO  com.company.project.codeReview.test.logStarted - Started test in 9.279 seconds (JVM running for 10.837)
2020-11-30 13:14:35.314 [SpringContextShutdownHook] INFO  org.quartz.core.QuartzScheduler.standby - Scheduler quartzScheduler_$_NON_CLUSTERED paused.
2020-11-30 13:14:35.315 [SpringContextShutdownHook] INFO  o.s.s.c.ThreadPoolTaskScheduler.shutdown - Shutting down ExecutorService 'taskScheduler'
2020-11-30 13:14:35.317 [SpringContextShutdownHook] INFO  o.s.s.quartz.SchedulerFactoryBean.destroy - Shutting down Quartz Scheduler
2020-11-30 13:14:35.318 [SpringContextShutdownHook] INFO  org.quartz.core.QuartzScheduler.shutdown - Scheduler quartzScheduler_$_NON_CLUSTERED shutting down.
2020-11-30 13:14:35.318 [SpringContextShutdownHook] INFO  org.quartz.core.QuartzScheduler.standby - Scheduler quartzScheduler_$_NON_CLUSTERED paused.
2020-11-30 13:14:35.319 [SpringContextShutdownHook] INFO  org.quartz.core.QuartzScheduler.shutdown - Scheduler quartzScheduler_$_NON_CLUSTERED shutdown complete.
2020-11-30 13:14:35.322 [SpringContextShutdownHook] INFO  o.s.s.c.ThreadPoolTaskExecutor.shutdown - Shutting down ExecutorService 'taskExecutor'
2020-11-30 13:14:59.942 [main] INFO  com.company.project.codeReview.test.logStarting - Starting test on DESKTOP-SV7UBO9 with PID 2316 (started by Wang in D:\Work\IDEAWork\supermallapi)
2020-11-30 13:14:59.944 [main] INFO  com.company.project.codeReview.test.logStartupProfileInfo - The following profiles are active: dev
2020-11-30 13:15:01.270 [main] INFO  o.s.d.r.c.RepositoryConfigurationDelegate.registerRepositoriesIn - Bootstrapping Spring Data Elasticsearch repositories in DEFAULT mode.
2020-11-30 13:15:01.313 [main] INFO  o.s.d.r.c.RepositoryConfigurationDelegate.registerRepositoriesIn - Finished Spring Data repository scanning in 38ms. Found 0 Elasticsearch repository interfaces.
2020-11-30 13:15:01.319 [main] INFO  o.s.d.r.c.RepositoryConfigurationDelegate.registerRepositoriesIn - Bootstrapping Spring Data Reactive Elasticsearch repositories in DEFAULT mode.
2020-11-30 13:15:01.326 [main] INFO  o.s.d.r.c.RepositoryConfigurationDelegate.registerRepositoriesIn - Finished Spring Data repository scanning in 6ms. Found 0 Reactive Elasticsearch repository interfaces.
2020-11-30 13:15:01.515 [main] INFO  o.s.c.a.ConfigurationClassPostProcessor.enhanceConfigurationClasses - Cannot enhance @Configuration bean definition 'mybatisConfigurer' since its singleton instance has been created too early. The typical cause is a non-static @Bean method with a BeanDefinitionRegistryPostProcessor return type: Consider declaring such methods as 'static'.
2020-11-30 13:15:02.243 [main] INFO  o.s.c.s.PostProcessorRegistrationDelegate$BeanPostProcessorChecker.postProcessAfterInitialization - Bean 'shiroConfig' of type [com.company.project.configurer.ShiroConfig$$EnhancerBySpringCGLIB$$a057e45d] is not eligible for getting processed by all BeanPostProcessors (for example: not eligible for auto-proxying)
2020-11-30 13:15:02.359 [main] INFO  o.s.c.s.PostProcessorRegistrationDelegate$BeanPostProcessorChecker.postProcessAfterInitialization - Bean 'druidDBConfig' of type [com.company.project.configurer.DruidDBConfig$$EnhancerBySpringCGLIB$$db03f2cc] is not eligible for getting processed by all BeanPostProcessors (for example: not eligible for auto-proxying)
2020-11-30 13:15:02.434 [main] INFO  o.s.c.s.PostProcessorRegistrationDelegate$BeanPostProcessorChecker.postProcessAfterInitialization - Bean 'dataSource' of type [com.alibaba.druid.pool.DruidDataSource] is not eligible for getting processed by all BeanPostProcessors (for example: not eligible for auto-proxying)
2020-11-30 13:15:02.475 [main] INFO  o.s.c.s.PostProcessorRegistrationDelegate$BeanPostProcessorChecker.postProcessAfterInitialization - Bean 'spring.datasource-org.springframework.boot.autoconfigure.jdbc.DataSourceProperties' of type [org.springframework.boot.autoconfigure.jdbc.DataSourceProperties] is not eligible for getting processed by all BeanPostProcessors (for example: not eligible for auto-proxying)
2020-11-30 13:15:02.486 [main] INFO  o.s.c.s.PostProcessorRegistrationDelegate$BeanPostProcessorChecker.postProcessAfterInitialization - Bean 'org.springframework.boot.autoconfigure.jdbc.DataSourceInitializerInvoker' of type [org.springframework.boot.autoconfigure.jdbc.DataSourceInitializerInvoker] is not eligible for getting processed by all BeanPostProcessors (for example: not eligible for auto-proxying)
2020-11-30 13:15:02.884 [main] INFO  o.s.c.s.PostProcessorRegistrationDelegate$BeanPostProcessorChecker.postProcessAfterInitialization - Bean 'sqlSessionFactoryBean' of type [org.apache.ibatis.session.defaults.DefaultSqlSessionFactory] is not eligible for getting processed by all BeanPostProcessors (for example: not eligible for auto-proxying)
2020-11-30 13:15:02.971 [main] INFO  o.s.c.s.PostProcessorRegistrationDelegate$BeanPostProcessorChecker.postProcessAfterInitialization - Bean 'userMapper' of type [tk.mybatis.spring.mapper.MapperFactoryBean] is not eligible for getting processed by all BeanPostProcessors (for example: not eligible for auto-proxying)
2020-11-30 13:15:02.975 [main] INFO  o.s.c.s.PostProcessorRegistrationDelegate$BeanPostProcessorChecker.postProcessAfterInitialization - Bean 'userMapper' of type [com.sun.proxy.$Proxy95] is not eligible for getting processed by all BeanPostProcessors (for example: not eligible for auto-proxying)
2020-11-30 13:15:02.982 [main] INFO  o.s.c.s.PostProcessorRegistrationDelegate$BeanPostProcessorChecker.postProcessAfterInitialization - Bean 'userServiceImpl' of type [com.company.project.service.impl.UserServiceImpl] is not eligible for getting processed by all BeanPostProcessors (for example: not eligible for auto-proxying)
2020-11-30 13:15:03.020 [main] INFO  o.s.c.s.PostProcessorRegistrationDelegate$BeanPostProcessorChecker.postProcessAfterInitialization - Bean 'userRealm' of type [com.company.project.configurer.UserRealm] is not eligible for getting processed by all BeanPostProcessors (for example: not eligible for auto-proxying)
2020-11-30 13:15:03.688 [main] INFO  o.s.c.s.PostProcessorRegistrationDelegate$BeanPostProcessorChecker.postProcessAfterInitialization - Bean 'securityManager' of type [org.apache.shiro.web.mgt.DefaultWebSecurityManager] is not eligible for getting processed by all BeanPostProcessors (for example: not eligible for auto-proxying)
2020-11-30 13:15:04.605 [main] INFO  o.s.s.c.ThreadPoolTaskExecutor.initialize - Initializing ExecutorService
2020-11-30 13:15:04.621 [main] INFO  o.s.s.c.ThreadPoolTaskExecutor.initialize - Initializing ExecutorService 'taskExecutor'
2020-11-30 13:15:05.120 [main] INFO  s.d.s.w.PropertySourcedRequestMappingHandlerMapping.initHandlerMethods - Mapped URL path [/v2/api-docs] onto method [springfox.documentation.swagger2.web.Swagger2Controller#getDocumentation(String, HttpServletRequest)]
2020-11-30 13:15:05.936 [main] WARN  o.s.b.a.t.ThymeleafAutoConfiguration$DefaultTemplateResolverConfiguration.checkTemplateLocationExists - Cannot find template location: classpath:/templates/ (please add some templates or check your Thymeleaf configuration)
2020-11-30 13:15:06.374 [main] WARN  o.s.b.a.f.FreeMarkerAutoConfiguration.checkTemplateLocationExists - Cannot find template location(s): [classpath:/templates/] (please add some templates, check your FreeMarker configuration, or set spring.freemarker.checkTemplateLocation=false)
2020-11-30 13:15:06.587 [main] INFO  org.quartz.impl.StdSchedulerFactory.instantiate - Using default implementation for ThreadExecutor
2020-11-30 13:15:06.609 [main] INFO  o.quartz.core.SchedulerSignalerImpl.<init> - Initialized Scheduler Signaller of type: class org.quartz.core.SchedulerSignalerImpl
2020-11-30 13:15:06.609 [main] INFO  org.quartz.core.QuartzScheduler.<init> - Quartz Scheduler v.2.3.2 created.
2020-11-30 13:15:06.611 [main] INFO  org.quartz.simpl.RAMJobStore.initialize - RAMJobStore initialized.
2020-11-30 13:15:06.613 [main] INFO  org.quartz.core.QuartzScheduler.initialize - Scheduler meta-data: Quartz Scheduler (v2.3.2) 'quartzScheduler' with instanceId 'NON_CLUSTERED'
  Scheduler class: 'org.quartz.core.QuartzScheduler' - running locally.
  NOT STARTED.
  Currently in standby mode.
  Number of jobs executed: 0
  Using thread pool 'org.quartz.simpl.SimpleThreadPool' - with 10 threads.
  Using job-store 'org.quartz.simpl.RAMJobStore' - which does not support persistence. and is not clustered.

2020-11-30 13:15:06.613 [main] INFO  org.quartz.impl.StdSchedulerFactory.instantiate - Quartz scheduler 'quartzScheduler' initialized from an externally provided properties instance.
2020-11-30 13:15:06.613 [main] INFO  org.quartz.impl.StdSchedulerFactory.instantiate - Quartz scheduler version: 2.3.2
2020-11-30 13:15:06.613 [main] INFO  org.quartz.core.QuartzScheduler.setJobFactory - JobFactory set to: org.springframework.scheduling.quartz.SpringBeanJobFactory@29d33f1
2020-11-30 13:15:06.643 [main] INFO  o.s.s.c.ThreadPoolTaskScheduler.initialize - Initializing ExecutorService 'taskScheduler'
2020-11-30 13:15:06.742 [main] INFO  s.d.s.w.p.DocumentationPluginsBootstrapper.start - Context refreshed
2020-11-30 13:15:06.824 [main] INFO  s.d.s.w.p.DocumentationPluginsBootstrapper.start - Found 1 custom documentation plugin(s)
2020-11-30 13:15:06.909 [main] INFO  s.d.s.w.s.ApiListingReferenceScanner.scan - Scanning for api listing references
2020-11-30 13:15:07.170 [main] INFO  s.d.s.w.r.o.CachingOperationNameGenerator.startingWith - Generating unique operation named: addUsingPOST_1
2020-11-30 13:15:07.171 [main] INFO  s.d.s.w.r.o.CachingOperationNameGenerator.startingWith - Generating unique operation named: deleteUsingDELETE_1
2020-11-30 13:15:07.175 [main] INFO  s.d.s.w.r.o.CachingOperationNameGenerator.startingWith - Generating unique operation named: detailUsingGET_1
2020-11-30 13:15:07.177 [main] INFO  s.d.s.w.r.o.CachingOperationNameGenerator.startingWith - Generating unique operation named: listUsingGET_1
2020-11-30 13:15:07.180 [main] INFO  s.d.s.w.r.o.CachingOperationNameGenerator.startingWith - Generating unique operation named: updateUsingPUT_1
2020-11-30 13:15:07.200 [main] INFO  s.d.s.w.r.o.CachingOperationNameGenerator.startingWith - Generating unique operation named: addUsingPOST_2
2020-11-30 13:15:07.205 [main] INFO  s.d.s.w.r.o.CachingOperationNameGenerator.startingWith - Generating unique operation named: deleteUsingDELETE_2
2020-11-30 13:15:07.209 [main] INFO  s.d.s.w.r.o.CachingOperationNameGenerator.startingWith - Generating unique operation named: detailUsingGET_2
2020-11-30 13:15:07.216 [main] INFO  s.d.s.w.r.o.CachingOperationNameGenerator.startingWith - Generating unique operation named: listUsingGET_2
2020-11-30 13:15:07.247 [main] INFO  s.d.s.w.r.o.CachingOperationNameGenerator.startingWith - Generating unique operation named: updateUsingPUT_2
2020-11-30 13:15:07.262 [main] INFO  o.s.s.quartz.SchedulerFactoryBean.startScheduler - Starting Quartz Scheduler now
2020-11-30 13:15:07.263 [main] INFO  org.quartz.core.QuartzScheduler.start - Scheduler quartzScheduler_$_NON_CLUSTERED started.
2020-11-30 13:15:07.506 [main] INFO  com.company.project.codeReview.test.logStarted - Started test in 8.484 seconds (JVM running for 10.105)
2020-11-30 13:15:07.770 [SpringContextShutdownHook] INFO  org.quartz.core.QuartzScheduler.standby - Scheduler quartzScheduler_$_NON_CLUSTERED paused.
2020-11-30 13:15:07.771 [SpringContextShutdownHook] INFO  o.s.s.c.ThreadPoolTaskScheduler.shutdown - Shutting down ExecutorService 'taskScheduler'
2020-11-30 13:15:07.772 [SpringContextShutdownHook] INFO  o.s.s.quartz.SchedulerFactoryBean.destroy - Shutting down Quartz Scheduler
2020-11-30 13:15:07.772 [SpringContextShutdownHook] INFO  org.quartz.core.QuartzScheduler.shutdown - Scheduler quartzScheduler_$_NON_CLUSTERED shutting down.
2020-11-30 13:15:07.772 [SpringContextShutdownHook] INFO  org.quartz.core.QuartzScheduler.standby - Scheduler quartzScheduler_$_NON_CLUSTERED paused.
2020-11-30 13:15:07.773 [SpringContextShutdownHook] INFO  org.quartz.core.QuartzScheduler.shutdown - Scheduler quartzScheduler_$_NON_CLUSTERED shutdown complete.
2020-11-30 13:15:07.781 [SpringContextShutdownHook] INFO  o.s.s.c.ThreadPoolTaskExecutor.shutdown - Shutting down ExecutorService 'taskExecutor'
2020-11-30 13:31:02.728 [main] INFO  com.company.project.codeReview.test.logStarting - Starting test on DESKTOP-SV7UBO9 with PID 10048 (started by Wang in D:\Work\IDEAWork\supermallapi)
2020-11-30 13:31:02.730 [main] INFO  com.company.project.codeReview.test.logStartupProfileInfo - The following profiles are active: dev
2020-11-30 13:31:04.154 [main] INFO  o.s.d.r.c.RepositoryConfigurationDelegate.registerRepositoriesIn - Bootstrapping Spring Data Elasticsearch repositories in DEFAULT mode.
2020-11-30 13:31:04.204 [main] INFO  o.s.d.r.c.RepositoryConfigurationDelegate.registerRepositoriesIn - Finished Spring Data repository scanning in 41ms. Found 0 Elasticsearch repository interfaces.
2020-11-30 13:31:04.209 [main] INFO  o.s.d.r.c.RepositoryConfigurationDelegate.registerRepositoriesIn - Bootstrapping Spring Data Reactive Elasticsearch repositories in DEFAULT mode.
2020-11-30 13:31:04.217 [main] INFO  o.s.d.r.c.RepositoryConfigurationDelegate.registerRepositoriesIn - Finished Spring Data repository scanning in 7ms. Found 0 Reactive Elasticsearch repository interfaces.
2020-11-30 13:31:04.435 [main] INFO  o.s.c.a.ConfigurationClassPostProcessor.enhanceConfigurationClasses - Cannot enhance @Configuration bean definition 'mybatisConfigurer' since its singleton instance has been created too early. The typical cause is a non-static @Bean method with a BeanDefinitionRegistryPostProcessor return type: Consider declaring such methods as 'static'.
2020-11-30 13:31:05.069 [main] INFO  o.s.c.s.PostProcessorRegistrationDelegate$BeanPostProcessorChecker.postProcessAfterInitialization - Bean 'shiroConfig' of type [com.company.project.configurer.ShiroConfig$$EnhancerBySpringCGLIB$$a486de7c] is not eligible for getting processed by all BeanPostProcessors (for example: not eligible for auto-proxying)
2020-11-30 13:31:05.184 [main] INFO  o.s.c.s.PostProcessorRegistrationDelegate$BeanPostProcessorChecker.postProcessAfterInitialization - Bean 'druidDBConfig' of type [com.company.project.configurer.DruidDBConfig$$EnhancerBySpringCGLIB$$df32eceb] is not eligible for getting processed by all BeanPostProcessors (for example: not eligible for auto-proxying)
2020-11-30 13:31:05.260 [main] INFO  o.s.c.s.PostProcessorRegistrationDelegate$BeanPostProcessorChecker.postProcessAfterInitialization - Bean 'dataSource' of type [com.alibaba.druid.pool.DruidDataSource] is not eligible for getting processed by all BeanPostProcessors (for example: not eligible for auto-proxying)
2020-11-30 13:31:05.298 [main] INFO  o.s.c.s.PostProcessorRegistrationDelegate$BeanPostProcessorChecker.postProcessAfterInitialization - Bean 'spring.datasource-org.springframework.boot.autoconfigure.jdbc.DataSourceProperties' of type [org.springframework.boot.autoconfigure.jdbc.DataSourceProperties] is not eligible for getting processed by all BeanPostProcessors (for example: not eligible for auto-proxying)
2020-11-30 13:31:05.308 [main] INFO  o.s.c.s.PostProcessorRegistrationDelegate$BeanPostProcessorChecker.postProcessAfterInitialization - Bean 'org.springframework.boot.autoconfigure.jdbc.DataSourceInitializerInvoker' of type [org.springframework.boot.autoconfigure.jdbc.DataSourceInitializerInvoker] is not eligible for getting processed by all BeanPostProcessors (for example: not eligible for auto-proxying)
2020-11-30 13:31:05.786 [main] INFO  o.s.c.s.PostProcessorRegistrationDelegate$BeanPostProcessorChecker.postProcessAfterInitialization - Bean 'sqlSessionFactoryBean' of type [org.apache.ibatis.session.defaults.DefaultSqlSessionFactory] is not eligible for getting processed by all BeanPostProcessors (for example: not eligible for auto-proxying)
2020-11-30 13:31:05.961 [main] INFO  o.s.c.s.PostProcessorRegistrationDelegate$BeanPostProcessorChecker.postProcessAfterInitialization - Bean 'userMapper' of type [tk.mybatis.spring.mapper.MapperFactoryBean] is not eligible for getting processed by all BeanPostProcessors (for example: not eligible for auto-proxying)
2020-11-30 13:31:05.967 [main] INFO  o.s.c.s.PostProcessorRegistrationDelegate$BeanPostProcessorChecker.postProcessAfterInitialization - Bean 'userMapper' of type [com.sun.proxy.$Proxy95] is not eligible for getting processed by all BeanPostProcessors (for example: not eligible for auto-proxying)
2020-11-30 13:31:05.973 [main] INFO  o.s.c.s.PostProcessorRegistrationDelegate$BeanPostProcessorChecker.postProcessAfterInitialization - Bean 'userServiceImpl' of type [com.company.project.service.impl.UserServiceImpl] is not eligible for getting processed by all BeanPostProcessors (for example: not eligible for auto-proxying)
2020-11-30 13:31:06.012 [main] INFO  o.s.c.s.PostProcessorRegistrationDelegate$BeanPostProcessorChecker.postProcessAfterInitialization - Bean 'userRealm' of type [com.company.project.configurer.UserRealm] is not eligible for getting processed by all BeanPostProcessors (for example: not eligible for auto-proxying)
2020-11-30 13:31:06.775 [main] INFO  o.s.c.s.PostProcessorRegistrationDelegate$BeanPostProcessorChecker.postProcessAfterInitialization - Bean 'securityManager' of type [org.apache.shiro.web.mgt.DefaultWebSecurityManager] is not eligible for getting processed by all BeanPostProcessors (for example: not eligible for auto-proxying)
2020-11-30 13:31:07.670 [main] INFO  o.s.s.c.ThreadPoolTaskExecutor.initialize - Initializing ExecutorService
2020-11-30 13:31:07.686 [main] INFO  o.s.s.c.ThreadPoolTaskExecutor.initialize - Initializing ExecutorService 'taskExecutor'
2020-11-30 13:31:08.206 [main] INFO  s.d.s.w.PropertySourcedRequestMappingHandlerMapping.initHandlerMethods - Mapped URL path [/v2/api-docs] onto method [springfox.documentation.swagger2.web.Swagger2Controller#getDocumentation(String, HttpServletRequest)]
2020-11-30 13:31:09.014 [main] WARN  o.s.b.a.t.ThymeleafAutoConfiguration$DefaultTemplateResolverConfiguration.checkTemplateLocationExists - Cannot find template location: classpath:/templates/ (please add some templates or check your Thymeleaf configuration)
2020-11-30 13:31:09.453 [main] WARN  o.s.b.a.f.FreeMarkerAutoConfiguration.checkTemplateLocationExists - Cannot find template location(s): [classpath:/templates/] (please add some templates, check your FreeMarker configuration, or set spring.freemarker.checkTemplateLocation=false)
2020-11-30 13:31:09.649 [main] INFO  org.quartz.impl.StdSchedulerFactory.instantiate - Using default implementation for ThreadExecutor
2020-11-30 13:31:09.673 [main] INFO  o.quartz.core.SchedulerSignalerImpl.<init> - Initialized Scheduler Signaller of type: class org.quartz.core.SchedulerSignalerImpl
2020-11-30 13:31:09.674 [main] INFO  org.quartz.core.QuartzScheduler.<init> - Quartz Scheduler v.2.3.2 created.
2020-11-30 13:31:09.676 [main] INFO  org.quartz.simpl.RAMJobStore.initialize - RAMJobStore initialized.
2020-11-30 13:31:09.677 [main] INFO  org.quartz.core.QuartzScheduler.initialize - Scheduler meta-data: Quartz Scheduler (v2.3.2) 'quartzScheduler' with instanceId 'NON_CLUSTERED'
  Scheduler class: 'org.quartz.core.QuartzScheduler' - running locally.
  NOT STARTED.
  Currently in standby mode.
  Number of jobs executed: 0
  Using thread pool 'org.quartz.simpl.SimpleThreadPool' - with 10 threads.
  Using job-store 'org.quartz.simpl.RAMJobStore' - which does not support persistence. and is not clustered.

2020-11-30 13:31:09.677 [main] INFO  org.quartz.impl.StdSchedulerFactory.instantiate - Quartz scheduler 'quartzScheduler' initialized from an externally provided properties instance.
2020-11-30 13:31:09.677 [main] INFO  org.quartz.impl.StdSchedulerFactory.instantiate - Quartz scheduler version: 2.3.2
2020-11-30 13:31:09.677 [main] INFO  org.quartz.core.QuartzScheduler.setJobFactory - JobFactory set to: org.springframework.scheduling.quartz.SpringBeanJobFactory@38363e96
2020-11-30 13:31:09.706 [main] INFO  o.s.s.c.ThreadPoolTaskScheduler.initialize - Initializing ExecutorService 'taskScheduler'
2020-11-30 13:31:09.789 [main] INFO  s.d.s.w.p.DocumentationPluginsBootstrapper.start - Context refreshed
2020-11-30 13:31:09.823 [main] INFO  s.d.s.w.p.DocumentationPluginsBootstrapper.start - Found 1 custom documentation plugin(s)
2020-11-30 13:31:09.899 [main] INFO  s.d.s.w.s.ApiListingReferenceScanner.scan - Scanning for api listing references
2020-11-30 13:31:10.137 [main] INFO  s.d.s.w.r.o.CachingOperationNameGenerator.startingWith - Generating unique operation named: addUsingPOST_1
2020-11-30 13:31:10.138 [main] INFO  s.d.s.w.r.o.CachingOperationNameGenerator.startingWith - Generating unique operation named: deleteUsingDELETE_1
2020-11-30 13:31:10.140 [main] INFO  s.d.s.w.r.o.CachingOperationNameGenerator.startingWith - Generating unique operation named: detailUsingGET_1
2020-11-30 13:31:10.142 [main] INFO  s.d.s.w.r.o.CachingOperationNameGenerator.startingWith - Generating unique operation named: listUsingGET_1
2020-11-30 13:31:10.144 [main] INFO  s.d.s.w.r.o.CachingOperationNameGenerator.startingWith - Generating unique operation named: updateUsingPUT_1
2020-11-30 13:31:10.158 [main] INFO  s.d.s.w.r.o.CachingOperationNameGenerator.startingWith - Generating unique operation named: addUsingPOST_2
2020-11-30 13:31:10.162 [main] INFO  s.d.s.w.r.o.CachingOperationNameGenerator.startingWith - Generating unique operation named: deleteUsingDELETE_2
2020-11-30 13:31:10.166 [main] INFO  s.d.s.w.r.o.CachingOperationNameGenerator.startingWith - Generating unique operation named: detailUsingGET_2
2020-11-30 13:31:10.171 [main] INFO  s.d.s.w.r.o.CachingOperationNameGenerator.startingWith - Generating unique operation named: listUsingGET_2
2020-11-30 13:31:10.201 [main] INFO  s.d.s.w.r.o.CachingOperationNameGenerator.startingWith - Generating unique operation named: updateUsingPUT_2
2020-11-30 13:31:10.216 [main] INFO  o.s.s.quartz.SchedulerFactoryBean.startScheduler - Starting Quartz Scheduler now
2020-11-30 13:31:10.217 [main] INFO  org.quartz.core.QuartzScheduler.start - Scheduler quartzScheduler_$_NON_CLUSTERED started.
2020-11-30 13:31:10.423 [main] INFO  com.company.project.codeReview.test.logStarted - Started test in 8.558 seconds (JVM running for 10.151)
2020-11-30 13:31:10.682 [SpringContextShutdownHook] INFO  org.quartz.core.QuartzScheduler.standby - Scheduler quartzScheduler_$_NON_CLUSTERED paused.
2020-11-30 13:31:10.684 [SpringContextShutdownHook] INFO  o.s.s.c.ThreadPoolTaskScheduler.shutdown - Shutting down ExecutorService 'taskScheduler'
2020-11-30 13:31:10.684 [SpringContextShutdownHook] INFO  o.s.s.quartz.SchedulerFactoryBean.destroy - Shutting down Quartz Scheduler
2020-11-30 13:31:10.685 [SpringContextShutdownHook] INFO  org.quartz.core.QuartzScheduler.shutdown - Scheduler quartzScheduler_$_NON_CLUSTERED shutting down.
2020-11-30 13:31:10.685 [SpringContextShutdownHook] INFO  org.quartz.core.QuartzScheduler.standby - Scheduler quartzScheduler_$_NON_CLUSTERED paused.
2020-11-30 13:31:10.686 [SpringContextShutdownHook] INFO  org.quartz.core.QuartzScheduler.shutdown - Scheduler quartzScheduler_$_NON_CLUSTERED shutdown complete.
2020-11-30 13:31:10.689 [SpringContextShutdownHook] INFO  o.s.s.c.ThreadPoolTaskExecutor.shutdown - Shutting down ExecutorService 'taskExecutor'
2020-11-30 13:33:03.694 [main] INFO  com.company.project.codeReview.test.logStarting - Starting test on DESKTOP-SV7UBO9 with PID 14072 (started by Wang in D:\Work\IDEAWork\supermallapi)
2020-11-30 13:33:03.697 [main] INFO  com.company.project.codeReview.test.logStartupProfileInfo - The following profiles are active: dev
2020-11-30 13:33:04.954 [main] INFO  o.s.d.r.c.RepositoryConfigurationDelegate.registerRepositoriesIn - Bootstrapping Spring Data Elasticsearch repositories in DEFAULT mode.
2020-11-30 13:33:05.001 [main] INFO  o.s.d.r.c.RepositoryConfigurationDelegate.registerRepositoriesIn - Finished Spring Data repository scanning in 40ms. Found 0 Elasticsearch repository interfaces.
2020-11-30 13:33:05.006 [main] INFO  o.s.d.r.c.RepositoryConfigurationDelegate.registerRepositoriesIn - Bootstrapping Spring Data Reactive Elasticsearch repositories in DEFAULT mode.
2020-11-30 13:33:05.013 [main] INFO  o.s.d.r.c.RepositoryConfigurationDelegate.registerRepositoriesIn - Finished Spring Data repository scanning in 6ms. Found 0 Reactive Elasticsearch repository interfaces.
2020-11-30 13:33:05.214 [main] INFO  o.s.c.a.ConfigurationClassPostProcessor.enhanceConfigurationClasses - Cannot enhance @Configuration bean definition 'mybatisConfigurer' since its singleton instance has been created too early. The typical cause is a non-static @Bean method with a BeanDefinitionRegistryPostProcessor return type: Consider declaring such methods as 'static'.
2020-11-30 13:33:05.845 [main] INFO  o.s.c.s.PostProcessorRegistrationDelegate$BeanPostProcessorChecker.postProcessAfterInitialization - Bean 'shiroConfig' of type [com.company.project.configurer.ShiroConfig$$EnhancerBySpringCGLIB$$c88e71bb] is not eligible for getting processed by all BeanPostProcessors (for example: not eligible for auto-proxying)
2020-11-30 13:33:05.957 [main] INFO  o.s.c.s.PostProcessorRegistrationDelegate$BeanPostProcessorChecker.postProcessAfterInitialization - Bean 'druidDBConfig' of type [com.company.project.configurer.DruidDBConfig$$EnhancerBySpringCGLIB$$33a802a] is not eligible for getting processed by all BeanPostProcessors (for example: not eligible for auto-proxying)
2020-11-30 13:33:06.034 [main] INFO  o.s.c.s.PostProcessorRegistrationDelegate$BeanPostProcessorChecker.postProcessAfterInitialization - Bean 'dataSource' of type [com.alibaba.druid.pool.DruidDataSource] is not eligible for getting processed by all BeanPostProcessors (for example: not eligible for auto-proxying)
2020-11-30 13:33:06.073 [main] INFO  o.s.c.s.PostProcessorRegistrationDelegate$BeanPostProcessorChecker.postProcessAfterInitialization - Bean 'spring.datasource-org.springframework.boot.autoconfigure.jdbc.DataSourceProperties' of type [org.springframework.boot.autoconfigure.jdbc.DataSourceProperties] is not eligible for getting processed by all BeanPostProcessors (for example: not eligible for auto-proxying)
2020-11-30 13:33:06.084 [main] INFO  o.s.c.s.PostProcessorRegistrationDelegate$BeanPostProcessorChecker.postProcessAfterInitialization - Bean 'org.springframework.boot.autoconfigure.jdbc.DataSourceInitializerInvoker' of type [org.springframework.boot.autoconfigure.jdbc.DataSourceInitializerInvoker] is not eligible for getting processed by all BeanPostProcessors (for example: not eligible for auto-proxying)
2020-11-30 13:33:06.488 [main] INFO  o.s.c.s.PostProcessorRegistrationDelegate$BeanPostProcessorChecker.postProcessAfterInitialization - Bean 'sqlSessionFactoryBean' of type [org.apache.ibatis.session.defaults.DefaultSqlSessionFactory] is not eligible for getting processed by all BeanPostProcessors (for example: not eligible for auto-proxying)
2020-11-30 13:33:06.573 [main] INFO  o.s.c.s.PostProcessorRegistrationDelegate$BeanPostProcessorChecker.postProcessAfterInitialization - Bean 'userMapper' of type [tk.mybatis.spring.mapper.MapperFactoryBean] is not eligible for getting processed by all BeanPostProcessors (for example: not eligible for auto-proxying)
2020-11-30 13:33:06.578 [main] INFO  o.s.c.s.PostProcessorRegistrationDelegate$BeanPostProcessorChecker.postProcessAfterInitialization - Bean 'userMapper' of type [com.sun.proxy.$Proxy95] is not eligible for getting processed by all BeanPostProcessors (for example: not eligible for auto-proxying)
2020-11-30 13:33:06.583 [main] INFO  o.s.c.s.PostProcessorRegistrationDelegate$BeanPostProcessorChecker.postProcessAfterInitialization - Bean 'userServiceImpl' of type [com.company.project.service.impl.UserServiceImpl] is not eligible for getting processed by all BeanPostProcessors (for example: not eligible for auto-proxying)
2020-11-30 13:33:06.619 [main] INFO  o.s.c.s.PostProcessorRegistrationDelegate$BeanPostProcessorChecker.postProcessAfterInitialization - Bean 'userRealm' of type [com.company.project.configurer.UserRealm] is not eligible for getting processed by all BeanPostProcessors (for example: not eligible for auto-proxying)
2020-11-30 13:33:07.321 [main] INFO  o.s.c.s.PostProcessorRegistrationDelegate$BeanPostProcessorChecker.postProcessAfterInitialization - Bean 'securityManager' of type [org.apache.shiro.web.mgt.DefaultWebSecurityManager] is not eligible for getting processed by all BeanPostProcessors (for example: not eligible for auto-proxying)
2020-11-30 13:33:08.239 [main] INFO  o.s.s.c.ThreadPoolTaskExecutor.initialize - Initializing ExecutorService
2020-11-30 13:33:08.254 [main] INFO  o.s.s.c.ThreadPoolTaskExecutor.initialize - Initializing ExecutorService 'taskExecutor'
2020-11-30 13:33:08.801 [main] INFO  s.d.s.w.PropertySourcedRequestMappingHandlerMapping.initHandlerMethods - Mapped URL path [/v2/api-docs] onto method [springfox.documentation.swagger2.web.Swagger2Controller#getDocumentation(String, HttpServletRequest)]
2020-11-30 13:33:09.628 [main] WARN  o.s.b.a.t.ThymeleafAutoConfiguration$DefaultTemplateResolverConfiguration.checkTemplateLocationExists - Cannot find template location: classpath:/templates/ (please add some templates or check your Thymeleaf configuration)
2020-11-30 13:33:10.059 [main] WARN  o.s.b.a.f.FreeMarkerAutoConfiguration.checkTemplateLocationExists - Cannot find template location(s): [classpath:/templates/] (please add some templates, check your FreeMarker configuration, or set spring.freemarker.checkTemplateLocation=false)
2020-11-30 13:33:10.259 [main] INFO  org.quartz.impl.StdSchedulerFactory.instantiate - Using default implementation for ThreadExecutor
2020-11-30 13:33:10.280 [main] INFO  o.quartz.core.SchedulerSignalerImpl.<init> - Initialized Scheduler Signaller of type: class org.quartz.core.SchedulerSignalerImpl
2020-11-30 13:33:10.281 [main] INFO  org.quartz.core.QuartzScheduler.<init> - Quartz Scheduler v.2.3.2 created.
2020-11-30 13:33:10.282 [main] INFO  org.quartz.simpl.RAMJobStore.initialize - RAMJobStore initialized.
2020-11-30 13:33:10.284 [main] INFO  org.quartz.core.QuartzScheduler.initialize - Scheduler meta-data: Quartz Scheduler (v2.3.2) 'quartzScheduler' with instanceId 'NON_CLUSTERED'
  Scheduler class: 'org.quartz.core.QuartzScheduler' - running locally.
  NOT STARTED.
  Currently in standby mode.
  Number of jobs executed: 0
  Using thread pool 'org.quartz.simpl.SimpleThreadPool' - with 10 threads.
  Using job-store 'org.quartz.simpl.RAMJobStore' - which does not support persistence. and is not clustered.

2020-11-30 13:33:10.285 [main] INFO  org.quartz.impl.StdSchedulerFactory.instantiate - Quartz scheduler 'quartzScheduler' initialized from an externally provided properties instance.
2020-11-30 13:33:10.285 [main] INFO  org.quartz.impl.StdSchedulerFactory.instantiate - Quartz scheduler version: 2.3.2
2020-11-30 13:33:10.285 [main] INFO  org.quartz.core.QuartzScheduler.setJobFactory - JobFactory set to: org.springframework.scheduling.quartz.SpringBeanJobFactory@792eeae6
2020-11-30 13:33:10.314 [main] INFO  o.s.s.c.ThreadPoolTaskScheduler.initialize - Initializing ExecutorService 'taskScheduler'
2020-11-30 13:33:10.411 [main] INFO  s.d.s.w.p.DocumentationPluginsBootstrapper.start - Context refreshed
2020-11-30 13:33:10.444 [main] INFO  s.d.s.w.p.DocumentationPluginsBootstrapper.start - Found 1 custom documentation plugin(s)
2020-11-30 13:33:10.517 [main] INFO  s.d.s.w.s.ApiListingReferenceScanner.scan - Scanning for api listing references
2020-11-30 13:33:10.755 [main] INFO  s.d.s.w.r.o.CachingOperationNameGenerator.startingWith - Generating unique operation named: addUsingPOST_1
2020-11-30 13:33:10.757 [main] INFO  s.d.s.w.r.o.CachingOperationNameGenerator.startingWith - Generating unique operation named: deleteUsingDELETE_1
2020-11-30 13:33:10.758 [main] INFO  s.d.s.w.r.o.CachingOperationNameGenerator.startingWith - Generating unique operation named: detailUsingGET_1
2020-11-30 13:33:10.760 [main] INFO  s.d.s.w.r.o.CachingOperationNameGenerator.startingWith - Generating unique operation named: listUsingGET_1
2020-11-30 13:33:10.762 [main] INFO  s.d.s.w.r.o.CachingOperationNameGenerator.startingWith - Generating unique operation named: updateUsingPUT_1
2020-11-30 13:33:10.776 [main] INFO  s.d.s.w.r.o.CachingOperationNameGenerator.startingWith - Generating unique operation named: addUsingPOST_2
2020-11-30 13:33:10.781 [main] INFO  s.d.s.w.r.o.CachingOperationNameGenerator.startingWith - Generating unique operation named: deleteUsingDELETE_2
2020-11-30 13:33:10.784 [main] INFO  s.d.s.w.r.o.CachingOperationNameGenerator.startingWith - Generating unique operation named: detailUsingGET_2
2020-11-30 13:33:10.790 [main] INFO  s.d.s.w.r.o.CachingOperationNameGenerator.startingWith - Generating unique operation named: listUsingGET_2
2020-11-30 13:33:10.816 [main] INFO  s.d.s.w.r.o.CachingOperationNameGenerator.startingWith - Generating unique operation named: updateUsingPUT_2
2020-11-30 13:33:10.831 [main] INFO  o.s.s.quartz.SchedulerFactoryBean.startScheduler - Starting Quartz Scheduler now
2020-11-30 13:33:10.831 [main] INFO  org.quartz.core.QuartzScheduler.start - Scheduler quartzScheduler_$_NON_CLUSTERED started.
2020-11-30 13:33:11.095 [main] INFO  com.company.project.codeReview.test.logStarted - Started test in 8.199 seconds (JVM running for 9.896)
2020-11-30 13:33:11.363 [SpringContextShutdownHook] INFO  org.quartz.core.QuartzScheduler.standby - Scheduler quartzScheduler_$_NON_CLUSTERED paused.
2020-11-30 13:33:11.365 [SpringContextShutdownHook] INFO  o.s.s.c.ThreadPoolTaskScheduler.shutdown - Shutting down ExecutorService 'taskScheduler'
2020-11-30 13:33:11.365 [SpringContextShutdownHook] INFO  o.s.s.quartz.SchedulerFactoryBean.destroy - Shutting down Quartz Scheduler
2020-11-30 13:33:11.366 [SpringContextShutdownHook] INFO  org.quartz.core.QuartzScheduler.shutdown - Scheduler quartzScheduler_$_NON_CLUSTERED shutting down.
2020-11-30 13:33:11.367 [SpringContextShutdownHook] INFO  org.quartz.core.QuartzScheduler.standby - Scheduler quartzScheduler_$_NON_CLUSTERED paused.
2020-11-30 13:33:11.368 [SpringContextShutdownHook] INFO  org.quartz.core.QuartzScheduler.shutdown - Scheduler quartzScheduler_$_NON_CLUSTERED shutdown complete.
2020-11-30 13:33:11.371 [SpringContextShutdownHook] INFO  o.s.s.c.ThreadPoolTaskExecutor.shutdown - Shutting down ExecutorService 'taskExecutor'
2020-11-30 13:35:19.428 [main] INFO  com.company.project.codeReview.test.logStarting - Starting test on DESKTOP-SV7UBO9 with PID 9024 (started by Wang in D:\Work\IDEAWork\supermallapi)
2020-11-30 13:35:19.430 [main] INFO  com.company.project.codeReview.test.logStartupProfileInfo - The following profiles are active: dev
2020-11-30 13:35:21.021 [main] INFO  o.s.d.r.c.RepositoryConfigurationDelegate.registerRepositoriesIn - Bootstrapping Spring Data Elasticsearch repositories in DEFAULT mode.
2020-11-30 13:35:21.065 [main] INFO  o.s.d.r.c.RepositoryConfigurationDelegate.registerRepositoriesIn - Finished Spring Data repository scanning in 38ms. Found 0 Elasticsearch repository interfaces.
2020-11-30 13:35:21.072 [main] INFO  o.s.d.r.c.RepositoryConfigurationDelegate.registerRepositoriesIn - Bootstrapping Spring Data Reactive Elasticsearch repositories in DEFAULT mode.
2020-11-30 13:35:21.079 [main] INFO  o.s.d.r.c.RepositoryConfigurationDelegate.registerRepositoriesIn - Finished Spring Data repository scanning in 6ms. Found 0 Reactive Elasticsearch repository interfaces.
2020-11-30 13:35:21.308 [main] INFO  o.s.c.a.ConfigurationClassPostProcessor.enhanceConfigurationClasses - Cannot enhance @Configuration bean definition 'mybatisConfigurer' since its singleton instance has been created too early. The typical cause is a non-static @Bean method with a BeanDefinitionRegistryPostProcessor return type: Consider declaring such methods as 'static'.
2020-11-30 13:35:22.101 [main] INFO  o.s.c.s.PostProcessorRegistrationDelegate$BeanPostProcessorChecker.postProcessAfterInitialization - Bean 'shiroConfig' of type [com.company.project.configurer.ShiroConfig$$EnhancerBySpringCGLIB$$86d0ce5f] is not eligible for getting processed by all BeanPostProcessors (for example: not eligible for auto-proxying)
2020-11-30 13:35:22.250 [main] INFO  o.s.c.s.PostProcessorRegistrationDelegate$BeanPostProcessorChecker.postProcessAfterInitialization - Bean 'druidDBConfig' of type [com.company.project.configurer.DruidDBConfig$$EnhancerBySpringCGLIB$$c17cdcce] is not eligible for getting processed by all BeanPostProcessors (for example: not eligible for auto-proxying)
2020-11-30 13:35:22.354 [main] INFO  o.s.c.s.PostProcessorRegistrationDelegate$BeanPostProcessorChecker.postProcessAfterInitialization - Bean 'dataSource' of type [com.alibaba.druid.pool.DruidDataSource] is not eligible for getting processed by all BeanPostProcessors (for example: not eligible for auto-proxying)
2020-11-30 13:35:22.390 [main] INFO  o.s.c.s.PostProcessorRegistrationDelegate$BeanPostProcessorChecker.postProcessAfterInitialization - Bean 'spring.datasource-org.springframework.boot.autoconfigure.jdbc.DataSourceProperties' of type [org.springframework.boot.autoconfigure.jdbc.DataSourceProperties] is not eligible for getting processed by all BeanPostProcessors (for example: not eligible for auto-proxying)
2020-11-30 13:35:22.400 [main] INFO  o.s.c.s.PostProcessorRegistrationDelegate$BeanPostProcessorChecker.postProcessAfterInitialization - Bean 'org.springframework.boot.autoconfigure.jdbc.DataSourceInitializerInvoker' of type [org.springframework.boot.autoconfigure.jdbc.DataSourceInitializerInvoker] is not eligible for getting processed by all BeanPostProcessors (for example: not eligible for auto-proxying)
2020-11-30 13:35:22.974 [main] INFO  o.s.c.s.PostProcessorRegistrationDelegate$BeanPostProcessorChecker.postProcessAfterInitialization - Bean 'sqlSessionFactoryBean' of type [org.apache.ibatis.session.defaults.DefaultSqlSessionFactory] is not eligible for getting processed by all BeanPostProcessors (for example: not eligible for auto-proxying)
2020-11-30 13:35:23.110 [main] INFO  o.s.c.s.PostProcessorRegistrationDelegate$BeanPostProcessorChecker.postProcessAfterInitialization - Bean 'userMapper' of type [tk.mybatis.spring.mapper.MapperFactoryBean] is not eligible for getting processed by all BeanPostProcessors (for example: not eligible for auto-proxying)
2020-11-30 13:35:23.116 [main] INFO  o.s.c.s.PostProcessorRegistrationDelegate$BeanPostProcessorChecker.postProcessAfterInitialization - Bean 'userMapper' of type [com.sun.proxy.$Proxy95] is not eligible for getting processed by all BeanPostProcessors (for example: not eligible for auto-proxying)
2020-11-30 13:35:23.121 [main] INFO  o.s.c.s.PostProcessorRegistrationDelegate$BeanPostProcessorChecker.postProcessAfterInitialization - Bean 'userServiceImpl' of type [com.company.project.service.impl.UserServiceImpl] is not eligible for getting processed by all BeanPostProcessors (for example: not eligible for auto-proxying)
2020-11-30 13:35:23.153 [main] INFO  o.s.c.s.PostProcessorRegistrationDelegate$BeanPostProcessorChecker.postProcessAfterInitialization - Bean 'userRealm' of type [com.company.project.configurer.UserRealm] is not eligible for getting processed by all BeanPostProcessors (for example: not eligible for auto-proxying)
2020-11-30 13:35:23.885 [main] INFO  o.s.c.s.PostProcessorRegistrationDelegate$BeanPostProcessorChecker.postProcessAfterInitialization - Bean 'securityManager' of type [org.apache.shiro.web.mgt.DefaultWebSecurityManager] is not eligible for getting processed by all BeanPostProcessors (for example: not eligible for auto-proxying)
2020-11-30 13:35:24.823 [main] INFO  o.s.s.c.ThreadPoolTaskExecutor.initialize - Initializing ExecutorService
2020-11-30 13:35:24.836 [main] INFO  o.s.s.c.ThreadPoolTaskExecutor.initialize - Initializing ExecutorService 'taskExecutor'
2020-11-30 13:35:25.386 [main] INFO  s.d.s.w.PropertySourcedRequestMappingHandlerMapping.initHandlerMethods - Mapped URL path [/v2/api-docs] onto method [springfox.documentation.swagger2.web.Swagger2Controller#getDocumentation(String, HttpServletRequest)]
2020-11-30 13:35:26.254 [main] WARN  o.s.b.a.t.ThymeleafAutoConfiguration$DefaultTemplateResolverConfiguration.checkTemplateLocationExists - Cannot find template location: classpath:/templates/ (please add some templates or check your Thymeleaf configuration)
2020-11-30 13:35:26.636 [main] WARN  o.s.b.a.f.FreeMarkerAutoConfiguration.checkTemplateLocationExists - Cannot find template location(s): [classpath:/templates/] (please add some templates, check your FreeMarker configuration, or set spring.freemarker.checkTemplateLocation=false)
2020-11-30 13:35:26.842 [main] INFO  org.quartz.impl.StdSchedulerFactory.instantiate - Using default implementation for ThreadExecutor
2020-11-30 13:35:26.864 [main] INFO  o.quartz.core.SchedulerSignalerImpl.<init> - Initialized Scheduler Signaller of type: class org.quartz.core.SchedulerSignalerImpl
2020-11-30 13:35:26.864 [main] INFO  org.quartz.core.QuartzScheduler.<init> - Quartz Scheduler v.2.3.2 created.
2020-11-30 13:35:26.866 [main] INFO  org.quartz.simpl.RAMJobStore.initialize - RAMJobStore initialized.
2020-11-30 13:35:26.868 [main] INFO  org.quartz.core.QuartzScheduler.initialize - Scheduler meta-data: Quartz Scheduler (v2.3.2) 'quartzScheduler' with instanceId 'NON_CLUSTERED'
  Scheduler class: 'org.quartz.core.QuartzScheduler' - running locally.
  NOT STARTED.
  Currently in standby mode.
  Number of jobs executed: 0
  Using thread pool 'org.quartz.simpl.SimpleThreadPool' - with 10 threads.
  Using job-store 'org.quartz.simpl.RAMJobStore' - which does not support persistence. and is not clustered.

2020-11-30 13:35:26.868 [main] INFO  org.quartz.impl.StdSchedulerFactory.instantiate - Quartz scheduler 'quartzScheduler' initialized from an externally provided properties instance.
2020-11-30 13:35:26.869 [main] INFO  org.quartz.impl.StdSchedulerFactory.instantiate - Quartz scheduler version: 2.3.2
2020-11-30 13:35:26.869 [main] INFO  org.quartz.core.QuartzScheduler.setJobFactory - JobFactory set to: org.springframework.scheduling.quartz.SpringBeanJobFactory@7352418c
2020-11-30 13:35:26.899 [main] INFO  o.s.s.c.ThreadPoolTaskScheduler.initialize - Initializing ExecutorService 'taskScheduler'
2020-11-30 13:35:26.984 [main] INFO  s.d.s.w.p.DocumentationPluginsBootstrapper.start - Context refreshed
2020-11-30 13:35:27.017 [main] INFO  s.d.s.w.p.DocumentationPluginsBootstrapper.start - Found 1 custom documentation plugin(s)
2020-11-30 13:35:27.091 [main] INFO  s.d.s.w.s.ApiListingReferenceScanner.scan - Scanning for api listing references
2020-11-30 13:35:27.316 [main] INFO  s.d.s.w.r.o.CachingOperationNameGenerator.startingWith - Generating unique operation named: addUsingPOST_1
2020-11-30 13:35:27.318 [main] INFO  s.d.s.w.r.o.CachingOperationNameGenerator.startingWith - Generating unique operation named: deleteUsingDELETE_1
2020-11-30 13:35:27.324 [main] INFO  s.d.s.w.r.o.CachingOperationNameGenerator.startingWith - Generating unique operation named: detailUsingGET_1
2020-11-30 13:35:27.329 [main] INFO  s.d.s.w.r.o.CachingOperationNameGenerator.startingWith - Generating unique operation named: listUsingGET_1
2020-11-30 13:35:27.331 [main] INFO  s.d.s.w.r.o.CachingOperationNameGenerator.startingWith - Generating unique operation named: updateUsingPUT_1
2020-11-30 13:35:27.380 [main] INFO  s.d.s.w.r.o.CachingOperationNameGenerator.startingWith - Generating unique operation named: addUsingPOST_2
2020-11-30 13:35:27.392 [main] INFO  s.d.s.w.r.o.CachingOperationNameGenerator.startingWith - Generating unique operation named: deleteUsingDELETE_2
2020-11-30 13:35:27.395 [main] INFO  s.d.s.w.r.o.CachingOperationNameGenerator.startingWith - Generating unique operation named: detailUsingGET_2
2020-11-30 13:35:27.402 [main] INFO  s.d.s.w.r.o.CachingOperationNameGenerator.startingWith - Generating unique operation named: listUsingGET_2
2020-11-30 13:35:27.435 [main] INFO  s.d.s.w.r.o.CachingOperationNameGenerator.startingWith - Generating unique operation named: updateUsingPUT_2
2020-11-30 13:35:27.457 [main] INFO  o.s.s.quartz.SchedulerFactoryBean.startScheduler - Starting Quartz Scheduler now
2020-11-30 13:35:27.458 [main] INFO  org.quartz.core.QuartzScheduler.start - Scheduler quartzScheduler_$_NON_CLUSTERED started.
2020-11-30 13:35:27.640 [main] INFO  com.company.project.codeReview.test.logStarted - Started test in 8.878 seconds (JVM running for 10.947)
2020-11-30 13:35:27.900 [SpringContextShutdownHook] INFO  org.quartz.core.QuartzScheduler.standby - Scheduler quartzScheduler_$_NON_CLUSTERED paused.
2020-11-30 13:35:27.901 [SpringContextShutdownHook] INFO  o.s.s.c.ThreadPoolTaskScheduler.shutdown - Shutting down ExecutorService 'taskScheduler'
2020-11-30 13:35:27.902 [SpringContextShutdownHook] INFO  o.s.s.quartz.SchedulerFactoryBean.destroy - Shutting down Quartz Scheduler
2020-11-30 13:35:27.902 [SpringContextShutdownHook] INFO  org.quartz.core.QuartzScheduler.shutdown - Scheduler quartzScheduler_$_NON_CLUSTERED shutting down.
2020-11-30 13:35:27.902 [SpringContextShutdownHook] INFO  org.quartz.core.QuartzScheduler.standby - Scheduler quartzScheduler_$_NON_CLUSTERED paused.
2020-11-30 13:35:27.903 [SpringContextShutdownHook] INFO  org.quartz.core.QuartzScheduler.shutdown - Scheduler quartzScheduler_$_NON_CLUSTERED shutdown complete.
2020-11-30 13:35:27.907 [SpringContextShutdownHook] INFO  o.s.s.c.ThreadPoolTaskExecutor.shutdown - Shutting down ExecutorService 'taskExecutor'
2020-11-30 13:35:47.377 [main] INFO  com.company.project.codeReview.test.logStarting - Starting test on DESKTOP-SV7UBO9 with PID 14892 (started by Wang in D:\Work\IDEAWork\supermallapi)
2020-11-30 13:35:47.379 [main] INFO  com.company.project.codeReview.test.logStartupProfileInfo - The following profiles are active: dev
2020-11-30 13:35:48.770 [main] INFO  o.s.d.r.c.RepositoryConfigurationDelegate.registerRepositoriesIn - Bootstrapping Spring Data Elasticsearch repositories in DEFAULT mode.
2020-11-30 13:35:48.818 [main] INFO  o.s.d.r.c.RepositoryConfigurationDelegate.registerRepositoriesIn - Finished Spring Data repository scanning in 40ms. Found 0 Elasticsearch repository interfaces.
2020-11-30 13:35:48.824 [main] INFO  o.s.d.r.c.RepositoryConfigurationDelegate.registerRepositoriesIn - Bootstrapping Spring Data Reactive Elasticsearch repositories in DEFAULT mode.
2020-11-30 13:35:48.831 [main] INFO  o.s.d.r.c.RepositoryConfigurationDelegate.registerRepositoriesIn - Finished Spring Data repository scanning in 6ms. Found 0 Reactive Elasticsearch repository interfaces.
2020-11-30 13:35:49.050 [main] INFO  o.s.c.a.ConfigurationClassPostProcessor.enhanceConfigurationClasses - Cannot enhance @Configuration bean definition 'mybatisConfigurer' since its singleton instance has been created too early. The typical cause is a non-static @Bean method with a BeanDefinitionRegistryPostProcessor return type: Consider declaring such methods as 'static'.
2020-11-30 13:35:49.679 [main] INFO  o.s.c.s.PostProcessorRegistrationDelegate$BeanPostProcessorChecker.postProcessAfterInitialization - Bean 'shiroConfig' of type [com.company.project.configurer.ShiroConfig$$EnhancerBySpringCGLIB$$a057e45d] is not eligible for getting processed by all BeanPostProcessors (for example: not eligible for auto-proxying)
2020-11-30 13:35:49.791 [main] INFO  o.s.c.s.PostProcessorRegistrationDelegate$BeanPostProcessorChecker.postProcessAfterInitialization - Bean 'druidDBConfig' of type [com.company.project.configurer.DruidDBConfig$$EnhancerBySpringCGLIB$$db03f2cc] is not eligible for getting processed by all BeanPostProcessors (for example: not eligible for auto-proxying)
2020-11-30 13:35:49.862 [main] INFO  o.s.c.s.PostProcessorRegistrationDelegate$BeanPostProcessorChecker.postProcessAfterInitialization - Bean 'dataSource' of type [com.alibaba.druid.pool.DruidDataSource] is not eligible for getting processed by all BeanPostProcessors (for example: not eligible for auto-proxying)
2020-11-30 13:35:49.902 [main] INFO  o.s.c.s.PostProcessorRegistrationDelegate$BeanPostProcessorChecker.postProcessAfterInitialization - Bean 'spring.datasource-org.springframework.boot.autoconfigure.jdbc.DataSourceProperties' of type [org.springframework.boot.autoconfigure.jdbc.DataSourceProperties] is not eligible for getting processed by all BeanPostProcessors (for example: not eligible for auto-proxying)
2020-11-30 13:35:49.913 [main] INFO  o.s.c.s.PostProcessorRegistrationDelegate$BeanPostProcessorChecker.postProcessAfterInitialization - Bean 'org.springframework.boot.autoconfigure.jdbc.DataSourceInitializerInvoker' of type [org.springframework.boot.autoconfigure.jdbc.DataSourceInitializerInvoker] is not eligible for getting processed by all BeanPostProcessors (for example: not eligible for auto-proxying)
2020-11-30 13:35:50.298 [main] INFO  o.s.c.s.PostProcessorRegistrationDelegate$BeanPostProcessorChecker.postProcessAfterInitialization - Bean 'sqlSessionFactoryBean' of type [org.apache.ibatis.session.defaults.DefaultSqlSessionFactory] is not eligible for getting processed by all BeanPostProcessors (for example: not eligible for auto-proxying)
2020-11-30 13:35:50.405 [main] INFO  o.s.c.s.PostProcessorRegistrationDelegate$BeanPostProcessorChecker.postProcessAfterInitialization - Bean 'userMapper' of type [tk.mybatis.spring.mapper.MapperFactoryBean] is not eligible for getting processed by all BeanPostProcessors (for example: not eligible for auto-proxying)
2020-11-30 13:35:50.410 [main] INFO  o.s.c.s.PostProcessorRegistrationDelegate$BeanPostProcessorChecker.postProcessAfterInitialization - Bean 'userMapper' of type [com.sun.proxy.$Proxy95] is not eligible for getting processed by all BeanPostProcessors (for example: not eligible for auto-proxying)
2020-11-30 13:35:50.415 [main] INFO  o.s.c.s.PostProcessorRegistrationDelegate$BeanPostProcessorChecker.postProcessAfterInitialization - Bean 'userServiceImpl' of type [com.company.project.service.impl.UserServiceImpl] is not eligible for getting processed by all BeanPostProcessors (for example: not eligible for auto-proxying)
2020-11-30 13:35:50.439 [main] INFO  o.s.c.s.PostProcessorRegistrationDelegate$BeanPostProcessorChecker.postProcessAfterInitialization - Bean 'userRealm' of type [com.company.project.configurer.UserRealm] is not eligible for getting processed by all BeanPostProcessors (for example: not eligible for auto-proxying)
2020-11-30 13:35:51.110 [main] INFO  o.s.c.s.PostProcessorRegistrationDelegate$BeanPostProcessorChecker.postProcessAfterInitialization - Bean 'securityManager' of type [org.apache.shiro.web.mgt.DefaultWebSecurityManager] is not eligible for getting processed by all BeanPostProcessors (for example: not eligible for auto-proxying)
2020-11-30 13:35:52.299 [main] INFO  o.s.s.c.ThreadPoolTaskExecutor.initialize - Initializing ExecutorService
2020-11-30 13:35:52.312 [main] INFO  o.s.s.c.ThreadPoolTaskExecutor.initialize - Initializing ExecutorService 'taskExecutor'
2020-11-30 13:35:52.787 [main] INFO  s.d.s.w.PropertySourcedRequestMappingHandlerMapping.initHandlerMethods - Mapped URL path [/v2/api-docs] onto method [springfox.documentation.swagger2.web.Swagger2Controller#getDocumentation(String, HttpServletRequest)]
2020-11-30 13:35:53.593 [main] WARN  o.s.b.a.t.ThymeleafAutoConfiguration$DefaultTemplateResolverConfiguration.checkTemplateLocationExists - Cannot find template location: classpath:/templates/ (please add some templates or check your Thymeleaf configuration)
2020-11-30 13:35:53.999 [main] WARN  o.s.b.a.f.FreeMarkerAutoConfiguration.checkTemplateLocationExists - Cannot find template location(s): [classpath:/templates/] (please add some templates, check your FreeMarker configuration, or set spring.freemarker.checkTemplateLocation=false)
2020-11-30 13:35:54.196 [main] INFO  org.quartz.impl.StdSchedulerFactory.instantiate - Using default implementation for ThreadExecutor
2020-11-30 13:35:54.220 [main] INFO  o.quartz.core.SchedulerSignalerImpl.<init> - Initialized Scheduler Signaller of type: class org.quartz.core.SchedulerSignalerImpl
2020-11-30 13:35:54.221 [main] INFO  org.quartz.core.QuartzScheduler.<init> - Quartz Scheduler v.2.3.2 created.
2020-11-30 13:35:54.223 [main] INFO  org.quartz.simpl.RAMJobStore.initialize - RAMJobStore initialized.
2020-11-30 13:35:54.224 [main] INFO  org.quartz.core.QuartzScheduler.initialize - Scheduler meta-data: Quartz Scheduler (v2.3.2) 'quartzScheduler' with instanceId 'NON_CLUSTERED'
  Scheduler class: 'org.quartz.core.QuartzScheduler' - running locally.
  NOT STARTED.
  Currently in standby mode.
  Number of jobs executed: 0
  Using thread pool 'org.quartz.simpl.SimpleThreadPool' - with 10 threads.
  Using job-store 'org.quartz.simpl.RAMJobStore' - which does not support persistence. and is not clustered.

2020-11-30 13:35:54.224 [main] INFO  org.quartz.impl.StdSchedulerFactory.instantiate - Quartz scheduler 'quartzScheduler' initialized from an externally provided properties instance.
2020-11-30 13:35:54.224 [main] INFO  org.quartz.impl.StdSchedulerFactory.instantiate - Quartz scheduler version: 2.3.2
2020-11-30 13:35:54.225 [main] INFO  org.quartz.core.QuartzScheduler.setJobFactory - JobFactory set to: org.springframework.scheduling.quartz.SpringBeanJobFactory@684f7f1c
2020-11-30 13:35:54.254 [main] INFO  o.s.s.c.ThreadPoolTaskScheduler.initialize - Initializing ExecutorService 'taskScheduler'
2020-11-30 13:35:54.337 [main] INFO  s.d.s.w.p.DocumentationPluginsBootstrapper.start - Context refreshed
2020-11-30 13:35:54.372 [main] INFO  s.d.s.w.p.DocumentationPluginsBootstrapper.start - Found 1 custom documentation plugin(s)
2020-11-30 13:35:54.448 [main] INFO  s.d.s.w.s.ApiListingReferenceScanner.scan - Scanning for api listing references
2020-11-30 13:35:54.708 [main] INFO  s.d.s.w.r.o.CachingOperationNameGenerator.startingWith - Generating unique operation named: addUsingPOST_1
2020-11-30 13:35:54.710 [main] INFO  s.d.s.w.r.o.CachingOperationNameGenerator.startingWith - Generating unique operation named: deleteUsingDELETE_1
2020-11-30 13:35:54.712 [main] INFO  s.d.s.w.r.o.CachingOperationNameGenerator.startingWith - Generating unique operation named: detailUsingGET_1
2020-11-30 13:35:54.714 [main] INFO  s.d.s.w.r.o.CachingOperationNameGenerator.startingWith - Generating unique operation named: listUsingGET_1
2020-11-30 13:35:54.716 [main] INFO  s.d.s.w.r.o.CachingOperationNameGenerator.startingWith - Generating unique operation named: updateUsingPUT_1
2020-11-30 13:35:54.731 [main] INFO  s.d.s.w.r.o.CachingOperationNameGenerator.startingWith - Generating unique operation named: addUsingPOST_2
2020-11-30 13:35:54.736 [main] INFO  s.d.s.w.r.o.CachingOperationNameGenerator.startingWith - Generating unique operation named: deleteUsingDELETE_2
2020-11-30 13:35:54.740 [main] INFO  s.d.s.w.r.o.CachingOperationNameGenerator.startingWith - Generating unique operation named: detailUsingGET_2
2020-11-30 13:35:54.747 [main] INFO  s.d.s.w.r.o.CachingOperationNameGenerator.startingWith - Generating unique operation named: listUsingGET_2
2020-11-30 13:35:54.776 [main] INFO  s.d.s.w.r.o.CachingOperationNameGenerator.startingWith - Generating unique operation named: updateUsingPUT_2
2020-11-30 13:35:54.981 [main] INFO  o.s.s.quartz.SchedulerFactoryBean.startScheduler - Starting Quartz Scheduler now
2020-11-30 13:35:54.982 [main] INFO  org.quartz.core.QuartzScheduler.start - Scheduler quartzScheduler_$_NON_CLUSTERED started.
2020-11-30 13:35:55.008 [main] INFO  com.company.project.codeReview.test.logStarted - Started test in 8.601 seconds (JVM running for 10.197)
2020-11-30 13:35:55.266 [SpringContextShutdownHook] INFO  org.quartz.core.QuartzScheduler.standby - Scheduler quartzScheduler_$_NON_CLUSTERED paused.
2020-11-30 13:35:55.268 [SpringContextShutdownHook] INFO  o.s.s.c.ThreadPoolTaskScheduler.shutdown - Shutting down ExecutorService 'taskScheduler'
2020-11-30 13:35:55.268 [SpringContextShutdownHook] INFO  o.s.s.quartz.SchedulerFactoryBean.destroy - Shutting down Quartz Scheduler
2020-11-30 13:35:55.268 [SpringContextShutdownHook] INFO  org.quartz.core.QuartzScheduler.shutdown - Scheduler quartzScheduler_$_NON_CLUSTERED shutting down.
2020-11-30 13:35:55.268 [SpringContextShutdownHook] INFO  org.quartz.core.QuartzScheduler.standby - Scheduler quartzScheduler_$_NON_CLUSTERED paused.
2020-11-30 13:35:55.269 [SpringContextShutdownHook] INFO  org.quartz.core.QuartzScheduler.shutdown - Scheduler quartzScheduler_$_NON_CLUSTERED shutdown complete.
2020-11-30 13:35:55.274 [SpringContextShutdownHook] INFO  o.s.s.c.ThreadPoolTaskExecutor.shutdown - Shutting down ExecutorService 'taskExecutor'
